<?xml version="1.0" encoding="UTF-8"?>
<!-- Generated by org.testng.reporters.JUnitXMLReporter -->
<testsuite ignored="4" hostname="LAPTOP-EAM40Q36" failures="0" tests="4" name="test" time="0.054" errors="0" timestamp="2022-12-15T14:48:26 CST">
  <testcase classname="testNG_OrderOfExecution.Test1" name="test001" time="0.009"/>
  <testcase classname="testNG_OrderOfExecution.Test1" name="test002" time="0.002"/>
  <testcase classname="testNG_OrderOfExecution.Test2" name="test004" time="0.001"/>
  <testcase classname="testNG_OrderOfExecution.Test2" name="test006" time="0.002"/>
  <testcase classname="testNG_OrderOfExecution.AllAnnotations" name="test1" time="0.0">
    <ignored/>
  </testcase> <!-- test1 -->
  <testcase classname="testNG_OrderOfExecution.Test2" name="test005" time="0.0">
    <ignored/>
  </testcase> <!-- test005 -->
  <testcase classname="testNG_OrderOfExecution.AllAnnotations" name="test" time="0.0">
    <ignored/>
  </testcase> <!-- test -->
  <testcase classname="testNG_OrderOfExecution.Test1" name="test003" time="0.0">
    <ignored/>
  </testcase> <!-- test003 -->
</testsuite> <!-- test -->
