<?xml version="1.0" encoding="UTF-8"?>
<testng-results ignored="0" total="5" passed="4" failed="1" skipped="0">
  <reporter-output>
  </reporter-output>
  <suite started-at="2023-01-13T14:13:27 CST" name="Default suite" finished-at="2023-01-13T14:13:33 CST" duration-ms="6205">
    <groups>
    </groups>
    <test started-at="2023-01-13T14:13:27 CST" name="Default test" finished-at="2023-01-13T14:13:33 CST" duration-ms="6205">
      <class name="selenium.NumpyNinja">
        <test-method signature="launchNumpyNinja()[pri:1, instance:selenium.NumpyNinja@6973b51b]" started-at="2023-01-13T14:13:27 CST" name="launchNumpyNinja" finished-at="2023-01-13T14:13:32 CST" duration-ms="4843" status="PASS">
          <reporter-output>
          </reporter-output>
        </test-method> <!-- launchNumpyNinja -->
        <test-method signature="valuesForContactDetails(java.lang.String,java.lang.String,java.lang.String,java.lang.String)[pri:2, instance:selenium.NumpyNinja@6973b51b]" started-at="2023-01-13T14:13:32 CST" name="valuesForContactDetails" data-provider="contactDetails" finished-at="2023-01-13T14:13:32 CST" duration-ms="535" status="PASS">
          <params>
            <param index="0">
              <value>
                <![CDATA[fhjk]]>
              </value>
            </param>
            <param index="1">
              <value>
                <![CDATA[lname1]]>
              </value>
            </param>
            <param index="2">
              <value>
                <![CDATA[ghjkl@gmail.com]]>
              </value>
            </param>
            <param index="3">
              <value>
                <![CDATA[5678290]]>
              </value>
            </param>
          </params>
          <reporter-output>
          </reporter-output>
        </test-method> <!-- valuesForContactDetails -->
        <test-method signature="valuesForContactDetails(java.lang.String,java.lang.String,java.lang.String,java.lang.String)[pri:2, instance:selenium.NumpyNinja@6973b51b]" started-at="2023-01-13T14:13:32 CST" name="valuesForContactDetails" data-provider="contactDetails" finished-at="2023-01-13T14:13:33 CST" duration-ms="409" status="PASS">
          <params>
            <param index="0">
              <value>
                <![CDATA[fname2]]>
              </value>
            </param>
            <param index="1">
              <value>
                <![CDATA[lname2]]>
              </value>
            </param>
            <param index="2">
              <value>
                <![CDATA[ghjkl@gmail.com]]>
              </value>
            </param>
            <param index="3">
              <value>
                <![CDATA[5678290]]>
              </value>
            </param>
          </params>
          <reporter-output>
          </reporter-output>
        </test-method> <!-- valuesForContactDetails -->
        <test-method signature="valuesForContactDetails(java.lang.String,java.lang.String,java.lang.String,java.lang.String)[pri:2, instance:selenium.NumpyNinja@6973b51b]" started-at="2023-01-13T14:13:33 CST" name="valuesForContactDetails" data-provider="contactDetails" finished-at="2023-01-13T14:13:33 CST" duration-ms="344" status="PASS">
          <params>
            <param index="0">
              <value>
                <![CDATA[fname3]]>
              </value>
            </param>
            <param index="1">
              <value>
                <![CDATA[lname3]]>
              </value>
            </param>
            <param index="2">
              <value>
                <![CDATA[ghjkl@gmail.com]]>
              </value>
            </param>
            <param index="3">
              <value>
                <![CDATA[5678290]]>
              </value>
            </param>
          </params>
          <reporter-output>
          </reporter-output>
        </test-method> <!-- valuesForContactDetails -->
        <test-method signature="submit()[pri:3, instance:selenium.NumpyNinja@6973b51b]" started-at="2023-01-13T14:13:33 CST" name="submit" finished-at="2023-01-13T14:13:33 CST" duration-ms="21" status="FAIL">
          <exception class="org.openqa.selenium.NoSuchElementException">
            <message>
              <![CDATA[no such element: Unable to locate element: {"method":"css selector","selector":"._1Qjd7"}
  (Session info: MicrosoftEdge=108.0.1462.76)
For documentation on this error, please visit: https://selenium.dev/exceptions/#no_such_element
Build info: version: '4.7.2', revision: '4d4020c3b7'
System info: os.name: 'Windows 11', os.arch: 'amd64', os.version: '10.0', java.version: '19.0.1'
Driver info: org.openqa.selenium.edge.EdgeDriver
Command: [7836cf613a934797347ef83ecb8642c4, findElement {using=class name, value=_1Qjd7}]
Capabilities {acceptInsecureCerts: false, browserName: msedge, browserVersion: 108.0.1462.76, ms:edgeOptions: {debuggerAddress: localhost:51053}, msedge: {msedgedriverVersion: 108.0.1462.83 (3ecea1927d6f..., userDataDir: C:\Users\areva\AppData\Loca...}, networkConnectionEnabled: false, pageLoadStrategy: normal, platformName: WINDOWS, proxy: Proxy(), se:cdp: ws://localhost:51053/devtoo..., se:cdpVersion: 108.0.1462.76, setWindowRect: true, strictFileInteractability: false, timeouts: {implicit: 0, pageLoad: 300000, script: 30000}, unhandledPromptBehavior: dismiss and notify, webauthn:extension:credBlob: true, webauthn:extension:largeBlob: true, webauthn:virtualAuthenticators: true}
Session ID: 7836cf613a934797347ef83ecb8642c4]]>
            </message>
            <full-stacktrace>
              <![CDATA[org.openqa.selenium.NoSuchElementException: no such element: Unable to locate element: {"method":"css selector","selector":"._1Qjd7"}
  (Session info: MicrosoftEdge=108.0.1462.76)
For documentation on this error, please visit: https://selenium.dev/exceptions/#no_such_element
Build info: version: '4.7.2', revision: '4d4020c3b7'
System info: os.name: 'Windows 11', os.arch: 'amd64', os.version: '10.0', java.version: '19.0.1'
Driver info: org.openqa.selenium.edge.EdgeDriver
Command: [7836cf613a934797347ef83ecb8642c4, findElement {using=class name, value=_1Qjd7}]
Capabilities {acceptInsecureCerts: false, browserName: msedge, browserVersion: 108.0.1462.76, ms:edgeOptions: {debuggerAddress: localhost:51053}, msedge: {msedgedriverVersion: 108.0.1462.83 (3ecea1927d6f..., userDataDir: C:\Users\areva\AppData\Loca...}, networkConnectionEnabled: false, pageLoadStrategy: normal, platformName: WINDOWS, proxy: Proxy(), se:cdp: ws://localhost:51053/devtoo..., se:cdpVersion: 108.0.1462.76, setWindowRect: true, strictFileInteractability: false, timeouts: {implicit: 0, pageLoad: 300000, script: 30000}, unhandledPromptBehavior: dismiss and notify, webauthn:extension:credBlob: true, webauthn:extension:largeBlob: true, webauthn:virtualAuthenticators: true}
Session ID: 7836cf613a934797347ef83ecb8642c4
at java.base/jdk.internal.reflect.DirectConstructorHandleAccessor.newInstance(DirectConstructorHandleAccessor.java:67)
at java.base/java.lang.reflect.Constructor.newInstanceWithCaller(Constructor.java:500)
at java.base/java.lang.reflect.Constructor.newInstance(Constructor.java:484)
at org.openqa.selenium.remote.codec.w3c.W3CHttpResponseCodec.createException(W3CHttpResponseCodec.java:200)
at org.openqa.selenium.remote.codec.w3c.W3CHttpResponseCodec.decode(W3CHttpResponseCodec.java:133)
at org.openqa.selenium.remote.codec.w3c.W3CHttpResponseCodec.decode(W3CHttpResponseCodec.java:53)
at org.openqa.selenium.remote.HttpCommandExecutor.execute(HttpCommandExecutor.java:184)
at org.openqa.selenium.remote.service.DriverCommandExecutor.invokeExecute(DriverCommandExecutor.java:167)
at org.openqa.selenium.remote.service.DriverCommandExecutor.execute(DriverCommandExecutor.java:142)
at org.openqa.selenium.remote.RemoteWebDriver.execute(RemoteWebDriver.java:535)
at org.openqa.selenium.remote.ElementLocation$ElementFinder$2.findElement(ElementLocation.java:162)
at org.openqa.selenium.remote.ElementLocation.findElement(ElementLocation.java:66)
at org.openqa.selenium.remote.RemoteWebDriver.findElement(RemoteWebDriver.java:351)
at org.openqa.selenium.remote.RemoteWebDriver.findElement(RemoteWebDriver.java:343)
at selenium.NumpyNinja.submit(NumpyNinja.java:61)
at java.base/jdk.internal.reflect.DirectMethodHandleAccessor.invoke(DirectMethodHandleAccessor.java:104)
at java.base/java.lang.reflect.Method.invoke(Method.java:578)
at org.testng.internal.MethodInvocationHelper.invokeMethod(MethodInvocationHelper.java:133)
at org.testng.internal.TestInvoker.invokeMethod(TestInvoker.java:598)
at org.testng.internal.TestInvoker.invokeTestMethod(TestInvoker.java:173)
at org.testng.internal.MethodRunner.runInSequence(MethodRunner.java:46)
at org.testng.internal.TestInvoker$MethodInvocationAgent.invoke(TestInvoker.java:824)
at org.testng.internal.TestInvoker.invokeTestMethods(TestInvoker.java:146)
at org.testng.internal.TestMethodWorker.invokeTestMethods(TestMethodWorker.java:146)
at org.testng.internal.TestMethodWorker.run(TestMethodWorker.java:128)
at java.base/java.util.ArrayList.forEach(ArrayList.java:1511)
at org.testng.TestRunner.privateRun(TestRunner.java:794)
at org.testng.TestRunner.run(TestRunner.java:596)
at org.testng.SuiteRunner.runTest(SuiteRunner.java:377)
at org.testng.SuiteRunner.runSequentially(SuiteRunner.java:371)
at org.testng.SuiteRunner.privateRun(SuiteRunner.java:332)
at org.testng.SuiteRunner.run(SuiteRunner.java:276)
at org.testng.SuiteRunnerWorker.runSuite(SuiteRunnerWorker.java:53)
at org.testng.SuiteRunnerWorker.run(SuiteRunnerWorker.java:96)
at org.testng.TestNG.runSuitesSequentially(TestNG.java:1212)
at org.testng.TestNG.runSuitesLocally(TestNG.java:1134)
at org.testng.TestNG.runSuites(TestNG.java:1063)
at org.testng.TestNG.run(TestNG.java:1031)
at org.testng.remote.AbstractRemoteTestNG.run(AbstractRemoteTestNG.java:115)
at org.testng.remote.RemoteTestNG.initAndRun(RemoteTestNG.java:251)
at org.testng.remote.RemoteTestNG.main(RemoteTestNG.java:77)
]]>
            </full-stacktrace>
          </exception> <!-- org.openqa.selenium.NoSuchElementException -->
          <reporter-output>
          </reporter-output>
        </test-method> <!-- submit -->
      </class> <!-- selenium.NumpyNinja -->
    </test> <!-- Default test -->
  </suite> <!-- Default suite -->
</testng-results>
